<?xml version="1.0" encoding="UTF-8"?>
<robot generator="Robot 3.0.4 (Python 3.6.6 on win32)" generated="20181003 14:05:08.563">
<suite id="s1" name="Search" source="D:\GitHubRobotFW\SearchGoogle\search.robot">
<test id="s1-t1" name="Search Google">
<kw name="Open Browser To Search Page">
<kw name="Open Browser" library="Selenium2Library">
<doc>Opens a new browser instance to the given ``url``.</doc>
<arguments>
<arg>${URL_GOOGLE}</arg>
<arg>${BROWSER}</arg>
</arguments>
<msg timestamp="20181003 14:05:09.197" level="INFO">Opening browser 'chrome' to base url 'https://www.google.com/'.</msg>
<status status="PASS" starttime="20181003 14:05:09.197" endtime="20181003 14:05:16.636"></status>
</kw>
<kw name="Maximize Browser Window" library="Selenium2Library">
<doc>Maximizes current browser window.</doc>
<status status="PASS" starttime="20181003 14:05:16.637" endtime="20181003 14:05:17.757"></status>
</kw>
<status status="PASS" starttime="20181003 14:05:09.196" endtime="20181003 14:05:17.757"></status>
</kw>
<kw name="Search Page Should Be Open">
<kw name="Input Text" library="Selenium2Library">
<doc>Types the given ``text`` into text field identified by ``locator``.</doc>
<arguments>
<arg>${input_data}</arg>
<arg>Test Framework</arg>
</arguments>
<msg timestamp="20181003 14:05:17.758" level="INFO">Typing text 'Test Framework' into text field '//*[@id="lst-ib"]'.</msg>
<status status="PASS" starttime="20181003 14:05:17.758" endtime="20181003 14:05:17.995"></status>
</kw>
<status status="PASS" starttime="20181003 14:05:17.758" endtime="20181003 14:05:17.996"></status>
</kw>
<kw name="Submit Credentials">
<kw name="Click Button" library="Selenium2Library">
<doc>Clicks button identified by ``locator``.</doc>
<arguments>
<arg>${btn_search}</arg>
</arguments>
<msg timestamp="20181003 14:05:17.997" level="INFO">Clicking button '//*[@name="btnK"]'.</msg>
<kw name="Capture Page Screenshot" library="Selenium2Library">
<doc>Takes screenshot of the current page and embeds it into log file.</doc>
<msg timestamp="20181003 14:05:18.383" level="INFO" html="yes">&lt;/td&gt;&lt;/tr&gt;&lt;tr&gt;&lt;td colspan="3"&gt;&lt;a href="selenium-screenshot-4.png"&gt;&lt;img src="selenium-screenshot-4.png" width="800px"&gt;&lt;/a&gt;</msg>
<status status="PASS" starttime="20181003 14:05:18.074" endtime="20181003 14:05:18.383"></status>
</kw>
<msg timestamp="20181003 14:05:18.734" level="FAIL">WebDriverException: Message: unknown error: Element &lt;input value="ค้นหาด้วย Google" aria-label="ค้นหาด้วย Google" name="btnK" type="submit" jsaction="sf.chk"&gt; is not clickable at point (590, 411). Other element would receive the click: &lt;div class="sbqs_c"&gt;...&lt;/div&gt;
  (Session info: chrome=69.0.3497.100)
  (Driver info: chromedriver=2.42.591088 (7b2b2dca23cca0862f674758c9a3933e685c27d5),platform=Windows NT 10.0.17134 x86_64)
</msg>
<status status="FAIL" starttime="20181003 14:05:17.996" endtime="20181003 14:05:18.734"></status>
</kw>
<status status="FAIL" starttime="20181003 14:05:17.996" endtime="20181003 14:05:18.735"></status>
</kw>
<kw name="Close Browser" library="Selenium2Library" type="teardown">
<doc>Closes the current browser.</doc>
<status status="PASS" starttime="20181003 14:05:18.735" endtime="20181003 14:05:21.344"></status>
</kw>
<status status="FAIL" starttime="20181003 14:05:09.196" endtime="20181003 14:05:21.345" critical="yes">WebDriverException: Message: unknown error: Element &lt;input value="ค้นหาด้วย Google" aria-label="ค้นหาด้วย Google" name="btnK" type="submit" jsaction="sf.chk"&gt; is not clickable at point (590, 411). Other element would receive the click: &lt;div class="sbqs_c"&gt;...&lt;/div&gt;
  (Session info: chrome=69.0.3497.100)
  (Driver info: chromedriver=2.42.591088 (7b2b2dca23cca0862f674758c9a3933e685c27d5),platform=Windows NT 10.0.17134 x86_64)
</status>
</test>
<status status="FAIL" starttime="20181003 14:05:08.564" endtime="20181003 14:05:21.353"></status>
</suite>
<statistics>
<total>
<stat pass="0" fail="1">Critical Tests</stat>
<stat pass="0" fail="1">All Tests</stat>
</total>
<tag>
</tag>
<suite>
<stat pass="0" fail="1" id="s1" name="Search">Search</stat>
</suite>
</statistics>
<errors>
<msg timestamp="20181003 14:05:09.194" level="ERROR">Error in file 'D:\GitHubRobotFW\SearchGoogle\search.robot': Importing test library 'AllureReportLibrary' failed: ModuleNotFoundError: No module named 'AllureListener'
Traceback (most recent call last):
  File "c:\program files\python36\lib\site-packages\AllureReportLibrary\__init__.py", line 2, in &lt;module&gt;
    from AllureListener import *
PYTHONPATH:
  c:\program files\python36\python36.zip
  c:\program files\python36\DLLs
  c:\program files\python36\lib
  c:\program files\python36
  c:\program files\python36\lib\site-packages</msg>
</errors>
</robot>
